{"title": "help", "subtitle": "帮助", "arg": "2.2.5$%help$%帮助$%EN2zh-CHS$%$%",         "icon": "icon.png"}
{"title": "kinematical", "subtitle": "运动学", "arg": "2.2.5$%kinematical$%运动学$%EN2zh-CHS$%$%",         "icon": "icon.png"}
{"title": "rolling stock system", "subtitle": "车辆系统", "arg": "2.2.5$%rolling stock system$%车辆系统$%EN2zh-CHS$%$%",         "icon": "icon.png"}
{"title": "Eddy current", "subtitle": "涡流", "arg": "2.2.5$%Eddy current$%涡流$%EN2zh-CHS$%$%",         "icon": "icon.png"}
{"title": "excitation", "subtitle": "激", "arg": "2.2.5$%excitation$%激$%EN2zh-CHS$%$%",         "icon": "icon.png"}
{"title": "excitation", "subtitle": "激", "arg": "2.2.5$%excitation$%激$%EN2zh-CHS$%$%",         "icon": "icon.png"}
{"title": "delamination", "subtitle": "分层", "arg": "2.2.5$%delamination$%分层$%EN2zh-CHS$%$%",         "icon": "icon.png"}
{"title": "tensor", "subtitle": "张量", "arg": "2.2.5$%tensor$%张量$%EN2zh-CHS$%$%",         "icon": "icon.png"}
{"title": "ICA", "subtitle": "ICA", "arg": "2.2.5$%ICA$%ICA$%EN2zh-CHS$%$%",         "icon": "icon.png"}
{"title": "ferrite", "subtitle": "铁素体", "arg": "2.2.5$%ferrite$%铁素体$%EN2zh-CHS$%$%",         "icon": "icon.png"}
{"title": "anomalistic", "subtitle": "近点", "arg": "2.2.5$%anomalistic$%近点$%EN2zh-CHS$%$%",         "icon": "icon.png"}
{"title": "planarization", "subtitle": "整平", "arg": "2.2.5$%planarization$%整平$%EN2zh-CHS$%$%",         "icon": "icon.png"}
{"title": "audit", "subtitle": "审计", "arg": "2.2.5$%audit$%审计$%EN2zh-CHS$%$%",         "icon": "icon.png"}
{"title": "kinematics", "subtitle": "运动学", "arg": "2.2.5$%kinematics$%运动学$%EN2zh-CHS$%$%",         "icon": "icon.png"}
{"title": "topology", "subtitle": "拓扑结构", "arg": "2.2.5$%topology$%拓扑结构$%EN2zh-CHS$%$%",         "icon": "icon.png"}
{"title": "slurry", "subtitle": "泥浆", "arg": "2.2.5$%slurry$%泥浆$%EN2zh-CHS$%$%",         "icon": "icon.png"}
{"title": "asperity", "subtitle": "艰苦的条件", "arg": "2.2.5$%asperity$%艰苦的条件$%EN2zh-CHS$%$%",         "icon": "icon.png"}
{"title": "asperity", "subtitle": "艰苦的条件", "arg": "2.2.5$%asperity$%艰苦的条件$%EN2zh-CHS$%$%",         "icon": "icon.png"}
{"title": "defer", "subtitle": "推迟", "arg": "2.2.5$%defer$%推迟$%EN2zh-CHS$%$%",         "icon": "icon.png"}
{"title": "polyfills", "subtitle": "polyfills", "arg": "2.2.5$%polyfills$%polyfills$%EN2zh-CHS$%$%",         "icon": "icon.png"}
{"title": "vendor", "subtitle": "供应商", "arg": "2.2.5$%vendor$%供应商$%EN2zh-CHS$%$%",         "icon": "icon.png"}
{"title": "aeroelasticity", "subtitle": "空气弹性", "arg": "2.2.5$%aeroelasticity$%空气弹性$%EN2zh-CHS$%$%",         "icon": "icon.png"}
{"title": "piston", "subtitle": "活塞", "arg": "2.2.5$%piston$%活塞$%EN2zh-CHS$%$%",         "icon": "icon.png"}
{"title": "hysteresis", "subtitle": "磁滞", "arg": "2.2.5$%hysteresis$%磁滞$%EN2zh-CHS$%$%",         "icon": "icon.png"}
{"title": "位移", "subtitle": "The displacement", "arg": "2.2.5$%位移$%The displacement$%zh-CHS2EN$%$%",         "icon": "icon.png"}
{"title": "hysteresis", "subtitle": "磁滞", "arg": "2.2.5$%hysteresis$%磁滞$%EN2zh-CHS$%$%",         "icon": "icon.png"}
{"title": "shock absorber lstm", "subtitle": "减震器lstm", "arg": "2.2.5$%shock absorber lstm$%减震器lstm$%EN2zh-CHS$%$%",         "icon": "icon.png"}
{"title": "shock absorber", "subtitle": "减震器", "arg": "2.2.5$%shock absorber$%减震器$%EN2zh-CHS$%$%",         "icon": "icon.png"}
{"title": "excitations", "subtitle": "激", "arg": "2.2.5$%excitations$%激$%EN2zh-CHS$%$%",         "icon": "icon.png"}
